[04/Nov/2017 21:52:53] WARNING [py.warnings:99] /Users/michaelsweeney/epa7658577/payments/admin.py:31: RemovedInDjango110Warning: 'get_field_by_name is an unofficial API that has been deprecated. You may be able to replace it with 'get_field()'
  User._meta.get_field_by_name("email")

[04/Nov/2017 21:52:55] WARNING [py.warnings:99] /Users/michaelsweeney/epa7658577/payments/admin.py:31: RemovedInDjango110Warning: 'get_field_by_name is an unofficial API that has been deprecated. You may be able to replace it with 'get_field()'
  User._meta.get_field_by_name("email")

[04/Nov/2017 21:52:55] INFO [root:132] ObjectCreateMixin (73) - this is a logging.info
[04/Nov/2017 21:52:55] WARNING [py.warnings:99] /Users/michaelsweeney/epa7658577/payments/urls.py:15: RemovedInDjango110Warning: Support for string view arguments to url() is deprecated and will be removed in Django 1.10 (got webhook). Pass the callable instead.
  url(r"^webhook/$", "webhook", name="payments_webhook"),

[04/Nov/2017 21:52:55] WARNING [py.warnings:99] /Users/michaelsweeney/epa7658577/payments/urls.py:16: RemovedInDjango110Warning: Support for string view arguments to url() is deprecated and will be removed in Django 1.10 (got subscribe). Pass the callable instead.
  url(r"^a/subscribe/$", "subscribe", name="payments_ajax_subscribe"),

[04/Nov/2017 21:52:55] WARNING [py.warnings:99] /Users/michaelsweeney/epa7658577/payments/urls.py:17: RemovedInDjango110Warning: Support for string view arguments to url() is deprecated and will be removed in Django 1.10 (got change_card). Pass the callable instead.
  url(r"^a/change/card/$", "change_card", name="payments_ajax_change_card"),

[04/Nov/2017 21:52:55] WARNING [py.warnings:99] /Users/michaelsweeney/epa7658577/payments/urls.py:18: RemovedInDjango110Warning: Support for string view arguments to url() is deprecated and will be removed in Django 1.10 (got change_plan). Pass the callable instead.
  url(r"^a/change/plan/$", "change_plan", name="payments_ajax_change_plan"),

[04/Nov/2017 21:52:55] WARNING [py.warnings:99] /Users/michaelsweeney/epa7658577/payments/urls.py:19: RemovedInDjango110Warning: Support for string view arguments to url() is deprecated and will be removed in Django 1.10 (got cancel). Pass the callable instead.
  url(r"^a/cancel/$", "cancel", name="payments_ajax_cancel"),

[04/Nov/2017 21:52:55] WARNING [py.warnings:99] /Users/michaelsweeney/epa7658577/payments/urls.py:43: RemovedInDjango110Warning: django.conf.urls.patterns() is deprecated and will be removed in Django 1.10. Update your urlpatterns to be a list of django.conf.urls.url() instances instead.
  name="payments_history"

[04/Nov/2017 21:52:55] WARNING [py.warnings:99] /Users/michaelsweeney/epa7658577/epa7658577/urls.py:65: RemovedInDjango110Warning: Support for string view arguments to url() is deprecated and will be removed in Django 1.10 (got django.views.static.serve). Pass the callable instead.
  url(r'^static/(?P<path>.*)$', 'django.views.static.serve', {'document_root': settings.STATIC_ROOT}),

[04/Nov/2017 21:52:55] WARNING [py.warnings:99] /Library/Frameworks/Python.framework/Versions/3.4/lib/python3.4/site-packages/social/apps/django_app/urls.py:19: RemovedInDjango110Warning: Support for string view arguments to url() is deprecated and will be removed in Django 1.10 (got auth). Pass the callable instead.
  name='begin'),

[04/Nov/2017 21:52:55] WARNING [py.warnings:99] /Library/Frameworks/Python.framework/Versions/3.4/lib/python3.4/site-packages/social/apps/django_app/urls.py:21: RemovedInDjango110Warning: Support for string view arguments to url() is deprecated and will be removed in Django 1.10 (got complete). Pass the callable instead.
  name='complete'),

[04/Nov/2017 21:52:55] WARNING [py.warnings:99] /Library/Frameworks/Python.framework/Versions/3.4/lib/python3.4/site-packages/social/apps/django_app/urls.py:24: RemovedInDjango110Warning: Support for string view arguments to url() is deprecated and will be removed in Django 1.10 (got disconnect). Pass the callable instead.
  name='disconnect'),

[04/Nov/2017 21:52:55] WARNING [py.warnings:99] /Library/Frameworks/Python.framework/Versions/3.4/lib/python3.4/site-packages/social/apps/django_app/urls.py:26: RemovedInDjango110Warning: Support for string view arguments to url() is deprecated and will be removed in Django 1.10 (got disconnect). Pass the callable instead.
  .format(extra), 'disconnect', name='disconnect_individual'),

[04/Nov/2017 21:52:55] WARNING [py.warnings:99] /Library/Frameworks/Python.framework/Versions/3.4/lib/python3.4/site-packages/social/apps/django_app/urls.py:26: RemovedInDjango110Warning: django.conf.urls.patterns() is deprecated and will be removed in Django 1.10. Update your urlpatterns to be a list of django.conf.urls.url() instances instead.
  .format(extra), 'disconnect', name='disconnect_individual'),

[04/Nov/2017 21:53:18] WARNING [django.request:182] Not Found: /favicon.ico
[04/Nov/2017 21:53:18] WARNING [django.request:182] Not Found: /favicon.ico
[04/Nov/2017 21:54:44] INFO [root:231] ObjectUpdateMixin (71m) attempting to update 8624 Iryna Khalip
[04/Nov/2017 21:54:44] INFO [root:242] ObjectUpdateMixin (71t) form is not valid
[04/Nov/2017 21:54:44] INFO [root:248] ObjectUpdateMixin (71w) - context: 
[04/Nov/2017 21:55:02] INFO [root:231] ObjectUpdateMixin (71m) attempting to update 8624 Iryna Khalip
[04/Nov/2017 21:55:02] INFO [root:237] ObjectUpdateMixin (71r) form is valid - proceeding with update
[04/Nov/2017 21:55:02] ERROR [django.request:284] Internal Server Error: /poc/iryna-khalip-515/update/
Traceback (most recent call last):
  File "/Library/Frameworks/Python.framework/Versions/3.6/lib/python3.6/site-packages/django/core/handlers/base.py", line 149, in get_response
    response = self.process_exception_by_middleware(e, request)
  File "/Library/Frameworks/Python.framework/Versions/3.6/lib/python3.6/site-packages/django/core/handlers/base.py", line 147, in get_response
    response = wrapped_callback(request, *callback_args, **callback_kwargs)
  File "/Library/Frameworks/Python.framework/Versions/3.6/lib/python3.6/site-packages/django/views/generic/base.py", line 68, in view
    return self.dispatch(request, *args, **kwargs)
  File "/Library/Frameworks/Python.framework/Versions/3.6/lib/python3.6/site-packages/django/contrib/auth/mixins.py", line 56, in dispatch
    return super(LoginRequiredMixin, self).dispatch(request, *args, **kwargs)
  File "/Library/Frameworks/Python.framework/Versions/3.6/lib/python3.6/site-packages/django/views/generic/base.py", line 88, in dispatch
    return handler(request, *args, **kwargs)
  File "/Users/michaelsweeney/epa7658577/nutr/utils.py", line 239, in post
    new_object = bound_form.save()
  File "/Library/Frameworks/Python.framework/Versions/3.6/lib/python3.6/site-packages/django/forms/models.py", line 451, in save
    self.instance.save()
  File "/Users/michaelsweeney/epa7658577/nutr/models.py", line 99, in save
    self.updated_date = dt.datetime.today()
NameError: name 'dt' is not defined
[04/Nov/2017 21:55:02] ERROR [django.request:284] Internal Server Error: /poc/iryna-khalip-515/update/
Traceback (most recent call last):
  File "/Library/Frameworks/Python.framework/Versions/3.6/lib/python3.6/site-packages/django/core/handlers/base.py", line 149, in get_response
    response = self.process_exception_by_middleware(e, request)
  File "/Library/Frameworks/Python.framework/Versions/3.6/lib/python3.6/site-packages/django/core/handlers/base.py", line 147, in get_response
    response = wrapped_callback(request, *callback_args, **callback_kwargs)
  File "/Library/Frameworks/Python.framework/Versions/3.6/lib/python3.6/site-packages/django/views/generic/base.py", line 68, in view
    return self.dispatch(request, *args, **kwargs)
  File "/Library/Frameworks/Python.framework/Versions/3.6/lib/python3.6/site-packages/django/contrib/auth/mixins.py", line 56, in dispatch
    return super(LoginRequiredMixin, self).dispatch(request, *args, **kwargs)
  File "/Library/Frameworks/Python.framework/Versions/3.6/lib/python3.6/site-packages/django/views/generic/base.py", line 88, in dispatch
    return handler(request, *args, **kwargs)
  File "/Users/michaelsweeney/epa7658577/nutr/utils.py", line 239, in post
    new_object = bound_form.save()
  File "/Library/Frameworks/Python.framework/Versions/3.6/lib/python3.6/site-packages/django/forms/models.py", line 451, in save
    self.instance.save()
  File "/Users/michaelsweeney/epa7658577/nutr/models.py", line 99, in save
    self.updated_date = dt.datetime.today()
NameError: name 'dt' is not defined
[04/Nov/2017 21:56:44] WARNING [py.warnings:99] /Users/michaelsweeney/epa7658577/payments/admin.py:31: RemovedInDjango110Warning: 'get_field_by_name is an unofficial API that has been deprecated. You may be able to replace it with 'get_field()'
  User._meta.get_field_by_name("email")

[04/Nov/2017 21:56:44] INFO [root:132] ObjectCreateMixin (73) - this is a logging.info
[04/Nov/2017 21:56:45] WARNING [py.warnings:99] /Users/michaelsweeney/epa7658577/payments/urls.py:15: RemovedInDjango110Warning: Support for string view arguments to url() is deprecated and will be removed in Django 1.10 (got webhook). Pass the callable instead.
  url(r"^webhook/$", "webhook", name="payments_webhook"),

[04/Nov/2017 21:56:45] WARNING [py.warnings:99] /Users/michaelsweeney/epa7658577/payments/urls.py:16: RemovedInDjango110Warning: Support for string view arguments to url() is deprecated and will be removed in Django 1.10 (got subscribe). Pass the callable instead.
  url(r"^a/subscribe/$", "subscribe", name="payments_ajax_subscribe"),

[04/Nov/2017 21:56:45] WARNING [py.warnings:99] /Users/michaelsweeney/epa7658577/payments/urls.py:17: RemovedInDjango110Warning: Support for string view arguments to url() is deprecated and will be removed in Django 1.10 (got change_card). Pass the callable instead.
  url(r"^a/change/card/$", "change_card", name="payments_ajax_change_card"),

[04/Nov/2017 21:56:45] WARNING [py.warnings:99] /Users/michaelsweeney/epa7658577/payments/urls.py:18: RemovedInDjango110Warning: Support for string view arguments to url() is deprecated and will be removed in Django 1.10 (got change_plan). Pass the callable instead.
  url(r"^a/change/plan/$", "change_plan", name="payments_ajax_change_plan"),

[04/Nov/2017 21:56:45] WARNING [py.warnings:99] /Users/michaelsweeney/epa7658577/payments/urls.py:19: RemovedInDjango110Warning: Support for string view arguments to url() is deprecated and will be removed in Django 1.10 (got cancel). Pass the callable instead.
  url(r"^a/cancel/$", "cancel", name="payments_ajax_cancel"),

[04/Nov/2017 21:56:45] WARNING [py.warnings:99] /Users/michaelsweeney/epa7658577/payments/urls.py:43: RemovedInDjango110Warning: django.conf.urls.patterns() is deprecated and will be removed in Django 1.10. Update your urlpatterns to be a list of django.conf.urls.url() instances instead.
  name="payments_history"

[04/Nov/2017 21:56:45] WARNING [py.warnings:99] /Users/michaelsweeney/epa7658577/epa7658577/urls.py:65: RemovedInDjango110Warning: Support for string view arguments to url() is deprecated and will be removed in Django 1.10 (got django.views.static.serve). Pass the callable instead.
  url(r'^static/(?P<path>.*)$', 'django.views.static.serve', {'document_root': settings.STATIC_ROOT}),

[04/Nov/2017 21:56:45] WARNING [py.warnings:99] /Library/Frameworks/Python.framework/Versions/3.4/lib/python3.4/site-packages/social/apps/django_app/urls.py:19: RemovedInDjango110Warning: Support for string view arguments to url() is deprecated and will be removed in Django 1.10 (got auth). Pass the callable instead.
  name='begin'),

[04/Nov/2017 21:56:45] WARNING [py.warnings:99] /Library/Frameworks/Python.framework/Versions/3.4/lib/python3.4/site-packages/social/apps/django_app/urls.py:21: RemovedInDjango110Warning: Support for string view arguments to url() is deprecated and will be removed in Django 1.10 (got complete). Pass the callable instead.
  name='complete'),

[04/Nov/2017 21:56:45] WARNING [py.warnings:99] /Library/Frameworks/Python.framework/Versions/3.4/lib/python3.4/site-packages/social/apps/django_app/urls.py:24: RemovedInDjango110Warning: Support for string view arguments to url() is deprecated and will be removed in Django 1.10 (got disconnect). Pass the callable instead.
  name='disconnect'),

[04/Nov/2017 21:56:45] WARNING [py.warnings:99] /Library/Frameworks/Python.framework/Versions/3.4/lib/python3.4/site-packages/social/apps/django_app/urls.py:26: RemovedInDjango110Warning: Support for string view arguments to url() is deprecated and will be removed in Django 1.10 (got disconnect). Pass the callable instead.
  .format(extra), 'disconnect', name='disconnect_individual'),

[04/Nov/2017 21:56:45] WARNING [py.warnings:99] /Library/Frameworks/Python.framework/Versions/3.4/lib/python3.4/site-packages/social/apps/django_app/urls.py:26: RemovedInDjango110Warning: django.conf.urls.patterns() is deprecated and will be removed in Django 1.10. Update your urlpatterns to be a list of django.conf.urls.url() instances instead.
  .format(extra), 'disconnect', name='disconnect_individual'),

[04/Nov/2017 21:57:55] WARNING [py.warnings:99] /Users/michaelsweeney/epa7658577/payments/admin.py:31: RemovedInDjango110Warning: 'get_field_by_name is an unofficial API that has been deprecated. You may be able to replace it with 'get_field()'
  User._meta.get_field_by_name("email")

[04/Nov/2017 21:57:55] INFO [root:132] ObjectCreateMixin (73) - this is a logging.info
[04/Nov/2017 21:57:55] WARNING [py.warnings:99] /Users/michaelsweeney/epa7658577/payments/urls.py:15: RemovedInDjango110Warning: Support for string view arguments to url() is deprecated and will be removed in Django 1.10 (got webhook). Pass the callable instead.
  url(r"^webhook/$", "webhook", name="payments_webhook"),

[04/Nov/2017 21:57:55] WARNING [py.warnings:99] /Users/michaelsweeney/epa7658577/payments/urls.py:16: RemovedInDjango110Warning: Support for string view arguments to url() is deprecated and will be removed in Django 1.10 (got subscribe). Pass the callable instead.
  url(r"^a/subscribe/$", "subscribe", name="payments_ajax_subscribe"),

[04/Nov/2017 21:57:55] WARNING [py.warnings:99] /Users/michaelsweeney/epa7658577/payments/urls.py:17: RemovedInDjango110Warning: Support for string view arguments to url() is deprecated and will be removed in Django 1.10 (got change_card). Pass the callable instead.
  url(r"^a/change/card/$", "change_card", name="payments_ajax_change_card"),

[04/Nov/2017 21:57:55] WARNING [py.warnings:99] /Users/michaelsweeney/epa7658577/payments/urls.py:18: RemovedInDjango110Warning: Support for string view arguments to url() is deprecated and will be removed in Django 1.10 (got change_plan). Pass the callable instead.
  url(r"^a/change/plan/$", "change_plan", name="payments_ajax_change_plan"),

[04/Nov/2017 21:57:55] WARNING [py.warnings:99] /Users/michaelsweeney/epa7658577/payments/urls.py:19: RemovedInDjango110Warning: Support for string view arguments to url() is deprecated and will be removed in Django 1.10 (got cancel). Pass the callable instead.
  url(r"^a/cancel/$", "cancel", name="payments_ajax_cancel"),

[04/Nov/2017 21:57:55] WARNING [py.warnings:99] /Users/michaelsweeney/epa7658577/payments/urls.py:43: RemovedInDjango110Warning: django.conf.urls.patterns() is deprecated and will be removed in Django 1.10. Update your urlpatterns to be a list of django.conf.urls.url() instances instead.
  name="payments_history"

[04/Nov/2017 21:57:55] WARNING [py.warnings:99] /Users/michaelsweeney/epa7658577/epa7658577/urls.py:65: RemovedInDjango110Warning: Support for string view arguments to url() is deprecated and will be removed in Django 1.10 (got django.views.static.serve). Pass the callable instead.
  url(r'^static/(?P<path>.*)$', 'django.views.static.serve', {'document_root': settings.STATIC_ROOT}),

[04/Nov/2017 21:57:55] WARNING [py.warnings:99] /Library/Frameworks/Python.framework/Versions/3.4/lib/python3.4/site-packages/social/apps/django_app/urls.py:19: RemovedInDjango110Warning: Support for string view arguments to url() is deprecated and will be removed in Django 1.10 (got auth). Pass the callable instead.
  name='begin'),

[04/Nov/2017 21:57:55] WARNING [py.warnings:99] /Library/Frameworks/Python.framework/Versions/3.4/lib/python3.4/site-packages/social/apps/django_app/urls.py:21: RemovedInDjango110Warning: Support for string view arguments to url() is deprecated and will be removed in Django 1.10 (got complete). Pass the callable instead.
  name='complete'),

[04/Nov/2017 21:57:55] WARNING [py.warnings:99] /Library/Frameworks/Python.framework/Versions/3.4/lib/python3.4/site-packages/social/apps/django_app/urls.py:24: RemovedInDjango110Warning: Support for string view arguments to url() is deprecated and will be removed in Django 1.10 (got disconnect). Pass the callable instead.
  name='disconnect'),

[04/Nov/2017 21:57:55] WARNING [py.warnings:99] /Library/Frameworks/Python.framework/Versions/3.4/lib/python3.4/site-packages/social/apps/django_app/urls.py:26: RemovedInDjango110Warning: Support for string view arguments to url() is deprecated and will be removed in Django 1.10 (got disconnect). Pass the callable instead.
  .format(extra), 'disconnect', name='disconnect_individual'),

[04/Nov/2017 21:57:55] WARNING [py.warnings:99] /Library/Frameworks/Python.framework/Versions/3.4/lib/python3.4/site-packages/social/apps/django_app/urls.py:26: RemovedInDjango110Warning: django.conf.urls.patterns() is deprecated and will be removed in Django 1.10. Update your urlpatterns to be a list of django.conf.urls.url() instances instead.
  .format(extra), 'disconnect', name='disconnect_individual'),

[04/Nov/2017 22:01:44] WARNING [py.warnings:99] /Users/michaelsweeney/epa7658577/payments/admin.py:31: RemovedInDjango110Warning: 'get_field_by_name is an unofficial API that has been deprecated. You may be able to replace it with 'get_field()'
  User._meta.get_field_by_name("email")

[04/Nov/2017 22:01:44] INFO [root:132] ObjectCreateMixin (73) - this is a logging.info
[04/Nov/2017 22:01:44] WARNING [py.warnings:99] /Users/michaelsweeney/epa7658577/payments/urls.py:15: RemovedInDjango110Warning: Support for string view arguments to url() is deprecated and will be removed in Django 1.10 (got webhook). Pass the callable instead.
  url(r"^webhook/$", "webhook", name="payments_webhook"),

[04/Nov/2017 22:01:44] WARNING [py.warnings:99] /Users/michaelsweeney/epa7658577/payments/urls.py:16: RemovedInDjango110Warning: Support for string view arguments to url() is deprecated and will be removed in Django 1.10 (got subscribe). Pass the callable instead.
  url(r"^a/subscribe/$", "subscribe", name="payments_ajax_subscribe"),

[04/Nov/2017 22:01:44] WARNING [py.warnings:99] /Users/michaelsweeney/epa7658577/payments/urls.py:17: RemovedInDjango110Warning: Support for string view arguments to url() is deprecated and will be removed in Django 1.10 (got change_card). Pass the callable instead.
  url(r"^a/change/card/$", "change_card", name="payments_ajax_change_card"),

[04/Nov/2017 22:01:44] WARNING [py.warnings:99] /Users/michaelsweeney/epa7658577/payments/urls.py:18: RemovedInDjango110Warning: Support for string view arguments to url() is deprecated and will be removed in Django 1.10 (got change_plan). Pass the callable instead.
  url(r"^a/change/plan/$", "change_plan", name="payments_ajax_change_plan"),

[04/Nov/2017 22:01:44] WARNING [py.warnings:99] /Users/michaelsweeney/epa7658577/payments/urls.py:19: RemovedInDjango110Warning: Support for string view arguments to url() is deprecated and will be removed in Django 1.10 (got cancel). Pass the callable instead.
  url(r"^a/cancel/$", "cancel", name="payments_ajax_cancel"),

[04/Nov/2017 22:01:44] WARNING [py.warnings:99] /Users/michaelsweeney/epa7658577/payments/urls.py:43: RemovedInDjango110Warning: django.conf.urls.patterns() is deprecated and will be removed in Django 1.10. Update your urlpatterns to be a list of django.conf.urls.url() instances instead.
  name="payments_history"

[04/Nov/2017 22:01:44] WARNING [py.warnings:99] /Users/michaelsweeney/epa7658577/epa7658577/urls.py:65: RemovedInDjango110Warning: Support for string view arguments to url() is deprecated and will be removed in Django 1.10 (got django.views.static.serve). Pass the callable instead.
  url(r'^static/(?P<path>.*)$', 'django.views.static.serve', {'document_root': settings.STATIC_ROOT}),

[04/Nov/2017 22:01:44] WARNING [py.warnings:99] /Library/Frameworks/Python.framework/Versions/3.4/lib/python3.4/site-packages/social/apps/django_app/urls.py:19: RemovedInDjango110Warning: Support for string view arguments to url() is deprecated and will be removed in Django 1.10 (got auth). Pass the callable instead.
  name='begin'),

[04/Nov/2017 22:01:44] WARNING [py.warnings:99] /Library/Frameworks/Python.framework/Versions/3.4/lib/python3.4/site-packages/social/apps/django_app/urls.py:21: RemovedInDjango110Warning: Support for string view arguments to url() is deprecated and will be removed in Django 1.10 (got complete). Pass the callable instead.
  name='complete'),

[04/Nov/2017 22:01:44] WARNING [py.warnings:99] /Library/Frameworks/Python.framework/Versions/3.4/lib/python3.4/site-packages/social/apps/django_app/urls.py:24: RemovedInDjango110Warning: Support for string view arguments to url() is deprecated and will be removed in Django 1.10 (got disconnect). Pass the callable instead.
  name='disconnect'),

[04/Nov/2017 22:01:44] WARNING [py.warnings:99] /Library/Frameworks/Python.framework/Versions/3.4/lib/python3.4/site-packages/social/apps/django_app/urls.py:26: RemovedInDjango110Warning: Support for string view arguments to url() is deprecated and will be removed in Django 1.10 (got disconnect). Pass the callable instead.
  .format(extra), 'disconnect', name='disconnect_individual'),

[04/Nov/2017 22:01:44] WARNING [py.warnings:99] /Library/Frameworks/Python.framework/Versions/3.4/lib/python3.4/site-packages/social/apps/django_app/urls.py:26: RemovedInDjango110Warning: django.conf.urls.patterns() is deprecated and will be removed in Django 1.10. Update your urlpatterns to be a list of django.conf.urls.url() instances instead.
  .format(extra), 'disconnect', name='disconnect_individual'),

[04/Nov/2017 22:02:55] WARNING [py.warnings:99] /Users/michaelsweeney/epa7658577/payments/admin.py:31: RemovedInDjango110Warning: 'get_field_by_name is an unofficial API that has been deprecated. You may be able to replace it with 'get_field()'
  User._meta.get_field_by_name("email")

[04/Nov/2017 22:02:55] INFO [root:132] ObjectCreateMixin (73) - this is a logging.info
[04/Nov/2017 22:02:55] WARNING [py.warnings:99] /Users/michaelsweeney/epa7658577/payments/urls.py:15: RemovedInDjango110Warning: Support for string view arguments to url() is deprecated and will be removed in Django 1.10 (got webhook). Pass the callable instead.
  url(r"^webhook/$", "webhook", name="payments_webhook"),

[04/Nov/2017 22:02:55] WARNING [py.warnings:99] /Users/michaelsweeney/epa7658577/payments/urls.py:16: RemovedInDjango110Warning: Support for string view arguments to url() is deprecated and will be removed in Django 1.10 (got subscribe). Pass the callable instead.
  url(r"^a/subscribe/$", "subscribe", name="payments_ajax_subscribe"),

[04/Nov/2017 22:02:55] WARNING [py.warnings:99] /Users/michaelsweeney/epa7658577/payments/urls.py:17: RemovedInDjango110Warning: Support for string view arguments to url() is deprecated and will be removed in Django 1.10 (got change_card). Pass the callable instead.
  url(r"^a/change/card/$", "change_card", name="payments_ajax_change_card"),

[04/Nov/2017 22:02:55] WARNING [py.warnings:99] /Users/michaelsweeney/epa7658577/payments/urls.py:18: RemovedInDjango110Warning: Support for string view arguments to url() is deprecated and will be removed in Django 1.10 (got change_plan). Pass the callable instead.
  url(r"^a/change/plan/$", "change_plan", name="payments_ajax_change_plan"),

[04/Nov/2017 22:02:55] WARNING [py.warnings:99] /Users/michaelsweeney/epa7658577/payments/urls.py:19: RemovedInDjango110Warning: Support for string view arguments to url() is deprecated and will be removed in Django 1.10 (got cancel). Pass the callable instead.
  url(r"^a/cancel/$", "cancel", name="payments_ajax_cancel"),

[04/Nov/2017 22:02:55] WARNING [py.warnings:99] /Users/michaelsweeney/epa7658577/payments/urls.py:43: RemovedInDjango110Warning: django.conf.urls.patterns() is deprecated and will be removed in Django 1.10. Update your urlpatterns to be a list of django.conf.urls.url() instances instead.
  name="payments_history"

[04/Nov/2017 22:02:55] WARNING [py.warnings:99] /Users/michaelsweeney/epa7658577/epa7658577/urls.py:65: RemovedInDjango110Warning: Support for string view arguments to url() is deprecated and will be removed in Django 1.10 (got django.views.static.serve). Pass the callable instead.
  url(r'^static/(?P<path>.*)$', 'django.views.static.serve', {'document_root': settings.STATIC_ROOT}),

[04/Nov/2017 22:02:55] WARNING [py.warnings:99] /Library/Frameworks/Python.framework/Versions/3.4/lib/python3.4/site-packages/social/apps/django_app/urls.py:19: RemovedInDjango110Warning: Support for string view arguments to url() is deprecated and will be removed in Django 1.10 (got auth). Pass the callable instead.
  name='begin'),

[04/Nov/2017 22:02:55] WARNING [py.warnings:99] /Library/Frameworks/Python.framework/Versions/3.4/lib/python3.4/site-packages/social/apps/django_app/urls.py:21: RemovedInDjango110Warning: Support for string view arguments to url() is deprecated and will be removed in Django 1.10 (got complete). Pass the callable instead.
  name='complete'),

[04/Nov/2017 22:02:55] WARNING [py.warnings:99] /Library/Frameworks/Python.framework/Versions/3.4/lib/python3.4/site-packages/social/apps/django_app/urls.py:24: RemovedInDjango110Warning: Support for string view arguments to url() is deprecated and will be removed in Django 1.10 (got disconnect). Pass the callable instead.
  name='disconnect'),

[04/Nov/2017 22:02:55] WARNING [py.warnings:99] /Library/Frameworks/Python.framework/Versions/3.4/lib/python3.4/site-packages/social/apps/django_app/urls.py:26: RemovedInDjango110Warning: Support for string view arguments to url() is deprecated and will be removed in Django 1.10 (got disconnect). Pass the callable instead.
  .format(extra), 'disconnect', name='disconnect_individual'),

[04/Nov/2017 22:02:55] WARNING [py.warnings:99] /Library/Frameworks/Python.framework/Versions/3.4/lib/python3.4/site-packages/social/apps/django_app/urls.py:26: RemovedInDjango110Warning: django.conf.urls.patterns() is deprecated and will be removed in Django 1.10. Update your urlpatterns to be a list of django.conf.urls.url() instances instead.
  .format(extra), 'disconnect', name='disconnect_individual'),

[04/Nov/2017 22:04:25] INFO [root:231] ObjectUpdateMixin (71m) attempting to update 8624 Iryna Khalip
[04/Nov/2017 22:04:25] INFO [root:237] ObjectUpdateMixin (71r) form is valid - proceeding with update
